TN:
SF:src\main.ts
FN:3,getTree
FN:34,getMap
FN:42,walkTree
FNF:3
FNH:3
FNDA:2,getTree
FNDA:2,getMap
FNDA:3,walkTree
DA:3,1
DA:4,2
DA:5,2
DA:6,2
DA:7,2
DA:8,2
DA:10,2
DA:11,6
DA:12,6
DA:14,2
DA:16,2
DA:17,6
DA:19,6
DA:20,4
DA:21,4
DA:22,3
DA:23,4
DA:24,1
DA:25,1
DA:26,6
DA:27,2
DA:28,2
DA:29,6
DA:31,2
DA:32,2
DA:34,1
DA:35,2
DA:36,2
DA:37,2
DA:38,2
DA:39,2
DA:40,2
DA:42,2
DA:43,3
DA:44,7
DA:46,7
DA:47,7
DA:49,7
DA:51,7
DA:52,7
DA:54,7
DA:55,1
DA:56,1
DA:57,7
DA:58,3
DA:60,2
DA:62,2
DA:63,2
LF:48
LH:48
BRDA:3,0,0,2
BRDA:10,1,0,6
BRDA:16,2,0,6
BRDA:19,3,0,4
BRDA:19,4,0,4
BRDA:21,5,0,3
BRDA:23,6,0,1
BRDA:26,7,0,2
BRDA:34,8,0,2
BRDA:42,9,0,3
BRDA:43,10,0,7
BRDA:49,11,0,2
BRDA:54,12,0,3
BRDA:54,13,0,1
BRF:14
BRH:14
end_of_record
